Start testing: Sep 09 16:28 GMT Summer Time
----------------------------------------------------------
1/11 Testing: toLowerTest.ConvertsUppercaseToLowercase
1/11 Test: toLowerTest.ConvertsUppercaseToLowercase
Command: "C:/Users/conor/OneDrive/Documents/cpp-file-indexer/build/Release/fileindex_tests.exe" "--gtest_filter=toLowerTest.ConvertsUppercaseToLowercase" "--gtest_also_run_disabled_tests"
Directory: C:/Users/conor/OneDrive/Documents/cpp-file-indexer/build
"toLowerTest.ConvertsUppercaseToLowercase" start time: Sep 09 16:28 GMT Summer Time
Output:
----------------------------------------------------------
Running main() from C:\Users\conor\OneDrive\Documents\cpp-file-indexer\build\_deps\googletest-src\googletest\src\gtest_main.cc
Note: Google Test filter = toLowerTest.ConvertsUppercaseToLowercase
[==========] Running 1 test from 1 test suite.
[----------] Global test environment set-up.
[----------] 1 test from toLowerTest
[ RUN      ] toLowerTest.ConvertsUppercaseToLowercase
[       OK ] toLowerTest.ConvertsUppercaseToLowercase (0 ms)
[----------] 1 test from toLowerTest (0 ms total)

[----------] Global test environment tear-down
[==========] 1 test from 1 test suite ran. (0 ms total)
[  PASSED  ] 1 test.
<end of output>
Test time =   0.03 sec
----------------------------------------------------------
Test Passed.
"toLowerTest.ConvertsUppercaseToLowercase" end time: Sep 09 16:28 GMT Summer Time
"toLowerTest.ConvertsUppercaseToLowercase" time elapsed: 00:00:00
----------------------------------------------------------

2/11 Testing: searchByExtensionTest.FindsMatchingExtension
2/11 Test: searchByExtensionTest.FindsMatchingExtension
Command: "C:/Users/conor/OneDrive/Documents/cpp-file-indexer/build/Release/fileindex_tests.exe" "--gtest_filter=searchByExtensionTest.FindsMatchingExtension" "--gtest_also_run_disabled_tests"
Directory: C:/Users/conor/OneDrive/Documents/cpp-file-indexer/build
"searchByExtensionTest.FindsMatchingExtension" start time: Sep 09 16:28 GMT Summer Time
Output:
----------------------------------------------------------
Running main() from C:\Users\conor\OneDrive\Documents\cpp-file-indexer\build\_deps\googletest-src\googletest\src\gtest_main.cc
Note: Google Test filter = searchByExtensionTest.FindsMatchingExtension
[==========] Running 1 test from 1 test suite.
[----------] Global test environment set-up.
[----------] 1 test from searchByExtensionTest
[ RUN      ] searchByExtensionTest.FindsMatchingExtension
[       OK ] searchByExtensionTest.FindsMatchingExtension (0 ms)
[----------] 1 test from searchByExtensionTest (0 ms total)

[----------] Global test environment tear-down
[==========] 1 test from 1 test suite ran. (0 ms total)
[  PASSED  ] 1 test.
<end of output>
Test time =   0.03 sec
----------------------------------------------------------
Test Passed.
"searchByExtensionTest.FindsMatchingExtension" end time: Sep 09 16:28 GMT Summer Time
"searchByExtensionTest.FindsMatchingExtension" time elapsed: 00:00:00
----------------------------------------------------------

3/11 Testing: searchByExtensionTest.IsCaseInsensitive
3/11 Test: searchByExtensionTest.IsCaseInsensitive
Command: "C:/Users/conor/OneDrive/Documents/cpp-file-indexer/build/Release/fileindex_tests.exe" "--gtest_filter=searchByExtensionTest.IsCaseInsensitive" "--gtest_also_run_disabled_tests"
Directory: C:/Users/conor/OneDrive/Documents/cpp-file-indexer/build
"searchByExtensionTest.IsCaseInsensitive" start time: Sep 09 16:28 GMT Summer Time
Output:
----------------------------------------------------------
Running main() from C:\Users\conor\OneDrive\Documents\cpp-file-indexer\build\_deps\googletest-src\googletest\src\gtest_main.cc
Note: Google Test filter = searchByExtensionTest.IsCaseInsensitive
[==========] Running 1 test from 1 test suite.
[----------] Global test environment set-up.
[----------] 1 test from searchByExtensionTest
[ RUN      ] searchByExtensionTest.IsCaseInsensitive
[       OK ] searchByExtensionTest.IsCaseInsensitive (0 ms)
[----------] 1 test from searchByExtensionTest (0 ms total)

[----------] Global test environment tear-down
[==========] 1 test from 1 test suite ran. (0 ms total)
[  PASSED  ] 1 test.
<end of output>
Test time =   0.03 sec
----------------------------------------------------------
Test Passed.
"searchByExtensionTest.IsCaseInsensitive" end time: Sep 09 16:28 GMT Summer Time
"searchByExtensionTest.IsCaseInsensitive" time elapsed: 00:00:00
----------------------------------------------------------

4/11 Testing: searchByExtensionTest.ReturnsEmptyWhenNoMatch
4/11 Test: searchByExtensionTest.ReturnsEmptyWhenNoMatch
Command: "C:/Users/conor/OneDrive/Documents/cpp-file-indexer/build/Release/fileindex_tests.exe" "--gtest_filter=searchByExtensionTest.ReturnsEmptyWhenNoMatch" "--gtest_also_run_disabled_tests"
Directory: C:/Users/conor/OneDrive/Documents/cpp-file-indexer/build
"searchByExtensionTest.ReturnsEmptyWhenNoMatch" start time: Sep 09 16:28 GMT Summer Time
Output:
----------------------------------------------------------
Running main() from C:\Users\conor\OneDrive\Documents\cpp-file-indexer\build\_deps\googletest-src\googletest\src\gtest_main.cc
Note: Google Test filter = searchByExtensionTest.ReturnsEmptyWhenNoMatch
[==========] Running 1 test from 1 test suite.
[----------] Global test environment set-up.
[----------] 1 test from searchByExtensionTest
[ RUN      ] searchByExtensionTest.ReturnsEmptyWhenNoMatch
[       OK ] searchByExtensionTest.ReturnsEmptyWhenNoMatch (0 ms)
[----------] 1 test from searchByExtensionTest (0 ms total)

[----------] Global test environment tear-down
[==========] 1 test from 1 test suite ran. (0 ms total)
[  PASSED  ] 1 test.
<end of output>
Test time =   0.03 sec
----------------------------------------------------------
Test Passed.
"searchByExtensionTest.ReturnsEmptyWhenNoMatch" end time: Sep 09 16:28 GMT Summer Time
"searchByExtensionTest.ReturnsEmptyWhenNoMatch" time elapsed: 00:00:00
----------------------------------------------------------

5/11 Testing: searchByFilenameTest.FindsMatchingFilename
5/11 Test: searchByFilenameTest.FindsMatchingFilename
Command: "C:/Users/conor/OneDrive/Documents/cpp-file-indexer/build/Release/fileindex_tests.exe" "--gtest_filter=searchByFilenameTest.FindsMatchingFilename" "--gtest_also_run_disabled_tests"
Directory: C:/Users/conor/OneDrive/Documents/cpp-file-indexer/build
"searchByFilenameTest.FindsMatchingFilename" start time: Sep 09 16:28 GMT Summer Time
Output:
----------------------------------------------------------
Running main() from C:\Users\conor\OneDrive\Documents\cpp-file-indexer\build\_deps\googletest-src\googletest\src\gtest_main.cc
Note: Google Test filter = searchByFilenameTest.FindsMatchingFilename
[==========] Running 1 test from 1 test suite.
[----------] Global test environment set-up.
[----------] 1 test from searchByFilenameTest
[ RUN      ] searchByFilenameTest.FindsMatchingFilename
[       OK ] searchByFilenameTest.FindsMatchingFilename (0 ms)
[----------] 1 test from searchByFilenameTest (0 ms total)

[----------] Global test environment tear-down
[==========] 1 test from 1 test suite ran. (0 ms total)
[  PASSED  ] 1 test.
<end of output>
Test time =   0.03 sec
----------------------------------------------------------
Test Passed.
"searchByFilenameTest.FindsMatchingFilename" end time: Sep 09 16:28 GMT Summer Time
"searchByFilenameTest.FindsMatchingFilename" time elapsed: 00:00:00
----------------------------------------------------------

6/11 Testing: searchByFilenameTest.IsCaseInsensitive
6/11 Test: searchByFilenameTest.IsCaseInsensitive
Command: "C:/Users/conor/OneDrive/Documents/cpp-file-indexer/build/Release/fileindex_tests.exe" "--gtest_filter=searchByFilenameTest.IsCaseInsensitive" "--gtest_also_run_disabled_tests"
Directory: C:/Users/conor/OneDrive/Documents/cpp-file-indexer/build
"searchByFilenameTest.IsCaseInsensitive" start time: Sep 09 16:28 GMT Summer Time
Output:
----------------------------------------------------------
Running main() from C:\Users\conor\OneDrive\Documents\cpp-file-indexer\build\_deps\googletest-src\googletest\src\gtest_main.cc
Note: Google Test filter = searchByFilenameTest.IsCaseInsensitive
[==========] Running 1 test from 1 test suite.
[----------] Global test environment set-up.
[----------] 1 test from searchByFilenameTest
[ RUN      ] searchByFilenameTest.IsCaseInsensitive
[       OK ] searchByFilenameTest.IsCaseInsensitive (0 ms)
[----------] 1 test from searchByFilenameTest (0 ms total)

[----------] Global test environment tear-down
[==========] 1 test from 1 test suite ran. (0 ms total)
[  PASSED  ] 1 test.
<end of output>
Test time =   0.03 sec
----------------------------------------------------------
Test Passed.
"searchByFilenameTest.IsCaseInsensitive" end time: Sep 09 16:28 GMT Summer Time
"searchByFilenameTest.IsCaseInsensitive" time elapsed: 00:00:00
----------------------------------------------------------

7/11 Testing: searchByFilenameTest.ReturnsEmptyWhenNoMatch
7/11 Test: searchByFilenameTest.ReturnsEmptyWhenNoMatch
Command: "C:/Users/conor/OneDrive/Documents/cpp-file-indexer/build/Release/fileindex_tests.exe" "--gtest_filter=searchByFilenameTest.ReturnsEmptyWhenNoMatch" "--gtest_also_run_disabled_tests"
Directory: C:/Users/conor/OneDrive/Documents/cpp-file-indexer/build
"searchByFilenameTest.ReturnsEmptyWhenNoMatch" start time: Sep 09 16:28 GMT Summer Time
Output:
----------------------------------------------------------
Running main() from C:\Users\conor\OneDrive\Documents\cpp-file-indexer\build\_deps\googletest-src\googletest\src\gtest_main.cc
Note: Google Test filter = searchByFilenameTest.ReturnsEmptyWhenNoMatch
[==========] Running 1 test from 1 test suite.
[----------] Global test environment set-up.
[----------] 1 test from searchByFilenameTest
[ RUN      ] searchByFilenameTest.ReturnsEmptyWhenNoMatch
[       OK ] searchByFilenameTest.ReturnsEmptyWhenNoMatch (0 ms)
[----------] 1 test from searchByFilenameTest (0 ms total)

[----------] Global test environment tear-down
[==========] 1 test from 1 test suite ran. (0 ms total)
[  PASSED  ] 1 test.
<end of output>
Test time =   0.03 sec
----------------------------------------------------------
Test Passed.
"searchByFilenameTest.ReturnsEmptyWhenNoMatch" end time: Sep 09 16:28 GMT Summer Time
"searchByFilenameTest.ReturnsEmptyWhenNoMatch" time elapsed: 00:00:00
----------------------------------------------------------

8/11 Testing: searchBySizeTest.FindsFilesAboveMinimumSize
8/11 Test: searchBySizeTest.FindsFilesAboveMinimumSize
Command: "C:/Users/conor/OneDrive/Documents/cpp-file-indexer/build/Release/fileindex_tests.exe" "--gtest_filter=searchBySizeTest.FindsFilesAboveMinimumSize" "--gtest_also_run_disabled_tests"
Directory: C:/Users/conor/OneDrive/Documents/cpp-file-indexer/build
"searchBySizeTest.FindsFilesAboveMinimumSize" start time: Sep 09 16:28 GMT Summer Time
Output:
----------------------------------------------------------
Running main() from C:\Users\conor\OneDrive\Documents\cpp-file-indexer\build\_deps\googletest-src\googletest\src\gtest_main.cc
Note: Google Test filter = searchBySizeTest.FindsFilesAboveMinimumSize
[==========] Running 1 test from 1 test suite.
[----------] Global test environment set-up.
[----------] 1 test from searchBySizeTest
[ RUN      ] searchBySizeTest.FindsFilesAboveMinimumSize
[       OK ] searchBySizeTest.FindsFilesAboveMinimumSize (0 ms)
[----------] 1 test from searchBySizeTest (0 ms total)

[----------] Global test environment tear-down
[==========] 1 test from 1 test suite ran. (0 ms total)
[  PASSED  ] 1 test.
<end of output>
Test time =   0.03 sec
----------------------------------------------------------
Test Passed.
"searchBySizeTest.FindsFilesAboveMinimumSize" end time: Sep 09 16:28 GMT Summer Time
"searchBySizeTest.FindsFilesAboveMinimumSize" time elapsed: 00:00:00
----------------------------------------------------------

9/11 Testing: searchBySizeTest.ReturnsEmptyWhenNoFileMeetsMinimumSize
9/11 Test: searchBySizeTest.ReturnsEmptyWhenNoFileMeetsMinimumSize
Command: "C:/Users/conor/OneDrive/Documents/cpp-file-indexer/build/Release/fileindex_tests.exe" "--gtest_filter=searchBySizeTest.ReturnsEmptyWhenNoFileMeetsMinimumSize" "--gtest_also_run_disabled_tests"
Directory: C:/Users/conor/OneDrive/Documents/cpp-file-indexer/build
"searchBySizeTest.ReturnsEmptyWhenNoFileMeetsMinimumSize" start time: Sep 09 16:28 GMT Summer Time
Output:
----------------------------------------------------------
Running main() from C:\Users\conor\OneDrive\Documents\cpp-file-indexer\build\_deps\googletest-src\googletest\src\gtest_main.cc
Note: Google Test filter = searchBySizeTest.ReturnsEmptyWhenNoFileMeetsMinimumSize
[==========] Running 1 test from 1 test suite.
[----------] Global test environment set-up.
[----------] 1 test from searchBySizeTest
[ RUN      ] searchBySizeTest.ReturnsEmptyWhenNoFileMeetsMinimumSize
[       OK ] searchBySizeTest.ReturnsEmptyWhenNoFileMeetsMinimumSize (0 ms)
[----------] 1 test from searchBySizeTest (0 ms total)

[----------] Global test environment tear-down
[==========] 1 test from 1 test suite ran. (0 ms total)
[  PASSED  ] 1 test.
<end of output>
Test time =   0.03 sec
----------------------------------------------------------
Test Passed.
"searchBySizeTest.ReturnsEmptyWhenNoFileMeetsMinimumSize" end time: Sep 09 16:28 GMT Summer Time
"searchBySizeTest.ReturnsEmptyWhenNoFileMeetsMinimumSize" time elapsed: 00:00:00
----------------------------------------------------------

10/11 Testing: calculateStatisticsTest.CalculateCorrectStatistics
10/11 Test: calculateStatisticsTest.CalculateCorrectStatistics
Command: "C:/Users/conor/OneDrive/Documents/cpp-file-indexer/build/Release/fileindex_tests.exe" "--gtest_filter=calculateStatisticsTest.CalculateCorrectStatistics" "--gtest_also_run_disabled_tests"
Directory: C:/Users/conor/OneDrive/Documents/cpp-file-indexer/build
"calculateStatisticsTest.CalculateCorrectStatistics" start time: Sep 09 16:28 GMT Summer Time
Output:
----------------------------------------------------------
Running main() from C:\Users\conor\OneDrive\Documents\cpp-file-indexer\build\_deps\googletest-src\googletest\src\gtest_main.cc
Note: Google Test filter = calculateStatisticsTest.CalculateCorrectStatistics
[==========] Running 1 test from 1 test suite.
[----------] Global test environment set-up.
[----------] 1 test from calculateStatisticsTest
[ RUN      ] calculateStatisticsTest.CalculateCorrectStatistics
[       OK ] calculateStatisticsTest.CalculateCorrectStatistics (0 ms)
[----------] 1 test from calculateStatisticsTest (0 ms total)

[----------] Global test environment tear-down
[==========] 1 test from 1 test suite ran. (0 ms total)
[  PASSED  ] 1 test.
<end of output>
Test time =   0.03 sec
----------------------------------------------------------
Test Passed.
"calculateStatisticsTest.CalculateCorrectStatistics" end time: Sep 09 16:28 GMT Summer Time
"calculateStatisticsTest.CalculateCorrectStatistics" time elapsed: 00:00:00
----------------------------------------------------------

11/11 Testing: calculateStatisticsTest.HandlesEmptyFileList
11/11 Test: calculateStatisticsTest.HandlesEmptyFileList
Command: "C:/Users/conor/OneDrive/Documents/cpp-file-indexer/build/Release/fileindex_tests.exe" "--gtest_filter=calculateStatisticsTest.HandlesEmptyFileList" "--gtest_also_run_disabled_tests"
Directory: C:/Users/conor/OneDrive/Documents/cpp-file-indexer/build
"calculateStatisticsTest.HandlesEmptyFileList" start time: Sep 09 16:28 GMT Summer Time
Output:
----------------------------------------------------------
Running main() from C:\Users\conor\OneDrive\Documents\cpp-file-indexer\build\_deps\googletest-src\googletest\src\gtest_main.cc
Note: Google Test filter = calculateStatisticsTest.HandlesEmptyFileList
[==========] Running 1 test from 1 test suite.
[----------] Global test environment set-up.
[----------] 1 test from calculateStatisticsTest
[ RUN      ] calculateStatisticsTest.HandlesEmptyFileList
[       OK ] calculateStatisticsTest.HandlesEmptyFileList (0 ms)
[----------] 1 test from calculateStatisticsTest (0 ms total)

[----------] Global test environment tear-down
[==========] 1 test from 1 test suite ran. (0 ms total)
[  PASSED  ] 1 test.
<end of output>
Test time =   0.03 sec
----------------------------------------------------------
Test Passed.
"calculateStatisticsTest.HandlesEmptyFileList" end time: Sep 09 16:28 GMT Summer Time
"calculateStatisticsTest.HandlesEmptyFileList" time elapsed: 00:00:00
----------------------------------------------------------

End testing: Sep 09 16:28 GMT Summer Time
